Le chargement a nécessité le package : TraMineR

TraMineR stable version 2.2-11 (Built: 2024-12-10)
Website: http://traminer.unige.ch
Please type 'citation("TraMineR")' for citation information.

Message d'avis :
le package ‘TraMineR’ a été compilé avec la version R 4.4.2 
Message d'avis :
le package ‘dynamicTreeCut’ a été compilé avec la version R 4.4.1 

Attachement du package : ‘dplyr’

Les objets suivants sont masqués depuis ‘package:stats’:

    filter, lag

Les objets suivants sont masqués depuis ‘package:base’:

    intersect, setdiff, setequal, union

Message d'avis :
le package ‘dplyr’ a été compilé avec la version R 4.4.1 
Message d'avis :
le package ‘tibble’ a été compilé avec la version R 4.4.1 

Attachement du package : ‘lubridate’

Les objets suivants sont masqués depuis ‘package:base’:

    date, intersect, setdiff, union

Message d'avis :
le package ‘lubridate’ a été compilé avec la version R 4.4.1 
Message d'avis :
le package ‘writexl’ a été compilé avec la version R 4.4.1 
Le chargement a nécessité le package : cluster
This is WeightedCluster stable version 1.6-4 (Built: 2024-07-31)

To get the manuals, please run:
   vignette("WeightedCluster") ## Complete manual in English
   vignette("WeightedClusterFR") ## Complete manual in French
   vignette("WeightedClusterPreview") ## Short preview in English

To cite WeightedCluster in publications please use:
Studer, Matthias (2013). WeightedCluster Library Manual: A practical
   guide to creating typologies of trajectories in the social sciences
   with R. LIVES Working Papers, 24. doi:
   10.12682/lives.2296-1658.2013.24
Messages d'avis :
1: le package ‘WeightedCluster’ a été compilé avec la version R 4.4.1 
2: le package ‘cluster’ a été compilé avec la version R 4.4.2 

Attachement du package : ‘janitor’

Les objets suivants sont masqués depuis ‘package:stats’:

    chisq.test, fisher.test

Message d'avis :
le package ‘janitor’ a été compilé avec la version R 4.4.1 
 ..cutHeight not given, setting it to 1230  ===>  99% of the (truncated) height range in dendro.
 ..done.
 [>] computing transition probabilities for states AIR/NOXBouteille/NOXCRABE/Oxygen ...
 [>] number of objects (sum of weights): 169
 [>] max. distance: 225
 [>] neighborhood radius: 22.5
 [>] 1 representative(s) selected, coverage=92% (threshold=25%)
 [>] 22 distinct sequence(s)
 [>] number of objects (sum of weights): 87
 [>] max. distance: 225
 [>] neighborhood radius: 22.5
 [>] 1 representative(s) selected, coverage=25% (threshold=25%)
 [>] 83 distinct sequence(s)
 [>] number of objects (sum of weights): 70
 [>] max. distance: 225
 [>] neighborhood radius: 22.5
 [>] 1 representative(s) selected, coverage=30% (threshold=25%)
 [>] 68 distinct sequence(s)
 [>] number of objects (sum of weights): 169
 [>] max. distance: 225
 [>] neighborhood radius: 22.5
 [>] 1 representative(s) selected, coverage=92% (threshold=25%)
 [>] 22 distinct sequence(s)
 [>] number of objects (sum of weights): 87
 [>] max. distance: 225
 [>] neighborhood radius: 22.5
 [>] 1 representative(s) selected, coverage=25% (threshold=25%)
 [>] 83 distinct sequence(s)
 [>] number of objects (sum of weights): 70
 [>] max. distance: 225
 [>] neighborhood radius: 22.5
 [>] 1 representative(s) selected, coverage=30% (threshold=25%)
 [>] 68 distinct sequence(s)
